2017-11-15 13:37:43,386 - __main__ - INFO - eby
2017-11-15 13:55:59,069 - __main__ - INFO - eby
2017-11-15 13:56:11,098 - __main__ - INFO - eby
2017-11-15 13:56:11,098 - __main__ - INFO - eby
2017-11-15 13:56:38,843 - __main__ - INFO - eby
2017-11-15 13:56:38,843 - __main__ - INFO - eby
2017-11-15 13:56:38,843 - __main__ - INFO - eby
2017-11-15 15:05:28,763 - __main__ - INFO - eby
2017-11-15 15:05:28,763 - __main__ - INFO - eby
2017-11-15 15:05:28,763 - __main__ - INFO - eby
2017-11-15 15:05:28,763 - __main__ - INFO - eby
2017-11-15 15:05:50,955 - __main__ - INFO - eby
2017-11-15 15:05:50,955 - __main__ - INFO - eby
2017-11-15 15:05:50,955 - __main__ - INFO - eby
2017-11-15 15:05:50,955 - __main__ - INFO - eby
2017-11-15 15:05:50,957 - __main__ - INFO - 0 iteration, url=http://sfbay.craigslist.org/search/eby/apa
2017-11-15 15:05:50,957 - __main__ - INFO - 0 iteration, url=http://sfbay.craigslist.org/search/eby/apa
2017-11-15 15:05:50,957 - __main__ - INFO - 0 iteration, url=http://sfbay.craigslist.org/search/eby/apa
2017-11-15 15:05:50,957 - __main__ - INFO - 0 iteration, url=http://sfbay.craigslist.org/search/eby/apa
2017-11-15 15:26:31,729 - __main__ - INFO - eby
2017-11-15 15:26:31,729 - __main__ - INFO - eby
2017-11-15 15:26:31,729 - __main__ - INFO - eby
2017-11-15 15:26:31,729 - __main__ - INFO - eby
2017-11-15 15:26:31,732 - __main__ - INFO - 0 iteration, url=http://sfbay.craigslist.org/search/eby/apa
2017-11-15 15:26:31,732 - __main__ - INFO - 0 iteration, url=http://sfbay.craigslist.org/search/eby/apa
2017-11-15 15:26:31,732 - __main__ - INFO - 0 iteration, url=http://sfbay.craigslist.org/search/eby/apa
2017-11-15 15:26:31,732 - __main__ - INFO - 0 iteration, url=http://sfbay.craigslist.org/search/eby/apa
2017-11-15 15:27:36,689 - __main__ - INFO - eby
2017-11-15 15:27:36,689 - __main__ - INFO - eby
2017-11-15 15:27:36,689 - __main__ - INFO - eby
2017-11-15 15:27:36,689 - __main__ - INFO - eby
2017-11-15 15:27:36,691 - __main__ - INFO - 0 iteration, url=http://sfbay.craigslist.org/search/eby/apa
2017-11-15 15:27:36,691 - __main__ - INFO - 0 iteration, url=http://sfbay.craigslist.org/search/eby/apa
2017-11-15 15:27:36,691 - __main__ - INFO - 0 iteration, url=http://sfbay.craigslist.org/search/eby/apa
2017-11-15 15:27:36,691 - __main__ - INFO - 0 iteration, url=http://sfbay.craigslist.org/search/eby/apa
2017-11-15 16:06:14,641 - __main__ - INFO - eby
2017-11-15 16:06:14,641 - __main__ - INFO - eby
2017-11-15 16:06:14,641 - __main__ - INFO - eby
2017-11-15 16:06:14,641 - __main__ - INFO - eby
2017-11-15 16:06:14,648 - __main__ - INFO - 0 iteration, url=http://sfbay.craigslist.org/search/eby/apa
2017-11-15 16:06:14,648 - __main__ - INFO - 0 iteration, url=http://sfbay.craigslist.org/search/eby/apa
2017-11-15 16:06:14,648 - __main__ - INFO - 0 iteration, url=http://sfbay.craigslist.org/search/eby/apa
2017-11-15 16:06:14,648 - __main__ - INFO - 0 iteration, url=http://sfbay.craigslist.org/search/eby/apa
2017-11-15 16:07:46,943 - __main__ - INFO - Start reading database
2017-11-15 16:07:46,943 - __main__ - INFO - Start reading database
2017-11-15 16:07:46,943 - __main__ - INFO - Start reading database
2017-11-15 16:07:46,943 - __main__ - INFO - Start reading database
2017-11-15 16:07:46,945 - __main__ - INFO - Updating records ...
2017-11-15 16:07:46,945 - __main__ - INFO - Updating records ...
2017-11-15 16:07:46,945 - __main__ - INFO - Updating records ...
2017-11-15 16:07:46,945 - __main__ - INFO - Updating records ...
2017-11-15 16:07:46,947 - __main__ - INFO - Finish updating records
2017-11-15 16:07:46,947 - __main__ - INFO - Finish updating records
2017-11-15 16:07:46,947 - __main__ - INFO - Finish updating records
2017-11-15 16:07:46,947 - __main__ - INFO - Finish updating records
2017-11-15 16:07:53,889 - __main__ - INFO - Start reading database
2017-11-15 16:07:53,889 - __main__ - INFO - Start reading database
2017-11-15 16:07:53,889 - __main__ - INFO - Start reading database
2017-11-15 16:07:53,889 - __main__ - INFO - Start reading database
2017-11-15 16:07:53,893 - __main__ - INFO - Updating records ...
2017-11-15 16:07:53,893 - __main__ - INFO - Updating records ...
2017-11-15 16:07:53,893 - __main__ - INFO - Updating records ...
2017-11-15 16:07:53,893 - __main__ - INFO - Updating records ...
2017-11-15 16:07:53,895 - __main__ - INFO - Finish updating records
2017-11-15 16:07:53,895 - __main__ - INFO - Finish updating records
2017-11-15 16:07:53,895 - __main__ - INFO - Finish updating records
2017-11-15 16:07:53,895 - __main__ - INFO - Finish updating records
2017-11-15 16:08:22,494 - __main__ - INFO - Start reading database
2017-11-15 16:08:22,494 - __main__ - INFO - Start reading database
2017-11-15 16:08:22,494 - __main__ - INFO - Start reading database
2017-11-15 16:08:22,494 - __main__ - INFO - Start reading database
2017-11-15 16:08:22,497 - __main__ - INFO - Updating records ...
2017-11-15 16:08:22,497 - __main__ - INFO - Updating records ...
2017-11-15 16:08:22,497 - __main__ - INFO - Updating records ...
2017-11-15 16:08:22,497 - __main__ - INFO - Updating records ...
2017-11-15 16:08:22,501 - __main__ - INFO - Finish updating records
2017-11-15 16:08:22,501 - __main__ - INFO - Finish updating records
2017-11-15 16:08:22,501 - __main__ - INFO - Finish updating records
2017-11-15 16:08:22,501 - __main__ - INFO - Finish updating records
2017-11-15 16:14:16,801 - __main__ - INFO - Start reading database
2017-11-15 16:14:16,801 - __main__ - INFO - Start reading database
2017-11-15 16:14:16,801 - __main__ - INFO - Start reading database
2017-11-15 16:14:16,801 - __main__ - INFO - Start reading database
2017-11-15 16:14:16,803 - __main__ - INFO - Updating records ...
2017-11-15 16:14:16,803 - __main__ - INFO - Updating records ...
2017-11-15 16:14:16,803 - __main__ - INFO - Updating records ...
2017-11-15 16:14:16,803 - __main__ - INFO - Updating records ...
2017-11-15 16:14:16,805 - __main__ - INFO - Finish updating records
2017-11-15 16:14:16,805 - __main__ - INFO - Finish updating records
2017-11-15 16:14:16,805 - __main__ - INFO - Finish updating records
2017-11-15 16:14:16,805 - __main__ - INFO - Finish updating records
2017-11-15 16:15:17,800 - __main__ - INFO - Start reading database
2017-11-15 16:15:17,800 - __main__ - INFO - Start reading database
2017-11-15 16:15:17,800 - __main__ - INFO - Start reading database
2017-11-15 16:15:17,800 - __main__ - INFO - Start reading database
2017-11-15 16:15:17,802 - __main__ - INFO - Updating records ...
2017-11-15 16:15:17,802 - __main__ - INFO - Updating records ...
2017-11-15 16:15:17,802 - __main__ - INFO - Updating records ...
2017-11-15 16:15:17,802 - __main__ - INFO - Updating records ...
2017-11-15 16:15:17,803 - __main__ - INFO - Finish updating records
2017-11-15 16:15:17,803 - __main__ - INFO - Finish updating records
2017-11-15 16:15:17,803 - __main__ - INFO - Finish updating records
2017-11-15 16:15:17,803 - __main__ - INFO - Finish updating records
2017-11-15 16:16:40,240 - __main__ - INFO - Start reading database
2017-11-15 16:16:40,240 - __main__ - INFO - Start reading database
2017-11-15 16:16:40,240 - __main__ - INFO - Start reading database
2017-11-15 16:16:40,240 - __main__ - INFO - Start reading database
2017-11-15 16:16:40,242 - __main__ - INFO - Updating records ...
2017-11-15 16:16:40,242 - __main__ - INFO - Updating records ...
2017-11-15 16:16:40,242 - __main__ - INFO - Updating records ...
2017-11-15 16:16:40,242 - __main__ - INFO - Updating records ...
2017-11-15 16:16:40,244 - __main__ - INFO - Finish updating records
2017-11-15 16:16:40,244 - __main__ - INFO - Finish updating records
2017-11-15 16:16:40,244 - __main__ - INFO - Finish updating records
2017-11-15 16:16:40,244 - __main__ - INFO - Finish updating records
2017-11-15 16:16:53,802 - __main__ - INFO - Start reading database
2017-11-15 16:16:53,802 - __main__ - INFO - Start reading database
2017-11-15 16:16:53,802 - __main__ - INFO - Start reading database
2017-11-15 16:16:53,802 - __main__ - INFO - Start reading database
2017-11-15 16:16:53,805 - __main__ - INFO - Updating records ...
2017-11-15 16:16:53,805 - __main__ - INFO - Updating records ...
2017-11-15 16:16:53,805 - __main__ - INFO - Updating records ...
2017-11-15 16:16:53,805 - __main__ - INFO - Updating records ...
2017-11-15 16:16:53,806 - __main__ - INFO - Finish updating records
2017-11-15 16:16:53,806 - __main__ - INFO - Finish updating records
2017-11-15 16:16:53,806 - __main__ - INFO - Finish updating records
2017-11-15 16:16:53,806 - __main__ - INFO - Finish updating records
2017-11-15 16:17:15,044 - __main__ - INFO - eby
2017-11-15 16:17:15,044 - __main__ - INFO - eby
2017-11-15 16:17:15,044 - __main__ - INFO - eby
2017-11-15 16:17:15,044 - __main__ - INFO - eby
2017-11-15 16:17:15,047 - __main__ - INFO - 0 iteration, url=http://sfbay.craigslist.org/search/eby/apa
2017-11-15 16:17:15,047 - __main__ - INFO - 0 iteration, url=http://sfbay.craigslist.org/search/eby/apa
2017-11-15 16:17:15,047 - __main__ - INFO - 0 iteration, url=http://sfbay.craigslist.org/search/eby/apa
2017-11-15 16:17:15,047 - __main__ - INFO - 0 iteration, url=http://sfbay.craigslist.org/search/eby/apa
2017-11-15 16:17:46,005 - __main__ - INFO - eby
2017-11-15 16:17:46,005 - __main__ - INFO - eby
2017-11-15 16:17:46,005 - __main__ - INFO - eby
2017-11-15 16:17:46,005 - __main__ - INFO - eby
2017-11-15 16:17:46,007 - __main__ - INFO - 0 iteration, url=http://sfbay.craigslist.org/search/eby/apa
2017-11-15 16:17:46,007 - __main__ - INFO - 0 iteration, url=http://sfbay.craigslist.org/search/eby/apa
2017-11-15 16:17:46,007 - __main__ - INFO - 0 iteration, url=http://sfbay.craigslist.org/search/eby/apa
2017-11-15 16:17:46,007 - __main__ - INFO - 0 iteration, url=http://sfbay.craigslist.org/search/eby/apa
2017-11-15 16:19:01,234 - __main__ - INFO - eby
2017-11-15 16:19:01,234 - __main__ - INFO - eby
2017-11-15 16:19:01,234 - __main__ - INFO - eby
2017-11-15 16:19:01,234 - __main__ - INFO - eby
2017-11-15 16:19:01,236 - __main__ - INFO - 0 iteration, url=http://sfbay.craigslist.org/search/eby/apa
2017-11-15 16:19:01,236 - __main__ - INFO - 0 iteration, url=http://sfbay.craigslist.org/search/eby/apa
2017-11-15 16:19:01,236 - __main__ - INFO - 0 iteration, url=http://sfbay.craigslist.org/search/eby/apa
2017-11-15 16:19:01,236 - __main__ - INFO - 0 iteration, url=http://sfbay.craigslist.org/search/eby/apa
2017-11-15 16:21:20,169 - __main__ - INFO - eby
2017-11-15 16:21:20,169 - __main__ - INFO - eby
2017-11-15 16:21:20,169 - __main__ - INFO - eby
2017-11-15 16:21:20,169 - __main__ - INFO - eby
2017-11-15 16:21:20,171 - __main__ - INFO - 0 iteration, url=https://sfbay.craigslist.org/search/eby/apa
2017-11-15 16:21:20,171 - __main__ - INFO - 0 iteration, url=https://sfbay.craigslist.org/search/eby/apa
2017-11-15 16:21:20,171 - __main__ - INFO - 0 iteration, url=https://sfbay.craigslist.org/search/eby/apa
2017-11-15 16:21:20,171 - __main__ - INFO - 0 iteration, url=https://sfbay.craigslist.org/search/eby/apa
2017-11-15 16:24:33,848 - __main__ - INFO - eby
2017-11-15 16:24:33,848 - __main__ - INFO - eby
2017-11-15 16:24:33,848 - __main__ - INFO - eby
2017-11-15 16:24:33,848 - __main__ - INFO - eby
2017-11-15 16:24:33,850 - __main__ - INFO - 0 iteration, url=https://sfbay.craigslist.org/search/eby/apa
2017-11-15 16:24:33,850 - __main__ - INFO - 0 iteration, url=https://sfbay.craigslist.org/search/eby/apa
2017-11-15 16:24:33,850 - __main__ - INFO - 0 iteration, url=https://sfbay.craigslist.org/search/eby/apa
2017-11-15 16:24:33,850 - __main__ - INFO - 0 iteration, url=https://sfbay.craigslist.org/search/eby/apa
2017-11-15 16:24:36,069 - __main__ - INFO - 100 iteration, url=https://sfbay.craigslist.org/search/eby/apa
2017-11-15 16:24:36,069 - __main__ - INFO - 100 iteration, url=https://sfbay.craigslist.org/search/eby/apa
2017-11-15 16:24:36,069 - __main__ - INFO - 100 iteration, url=https://sfbay.craigslist.org/search/eby/apa
2017-11-15 16:24:36,069 - __main__ - INFO - 100 iteration, url=https://sfbay.craigslist.org/search/eby/apa
2017-11-15 16:24:37,780 - __main__ - INFO - 200 iteration, url=https://sfbay.craigslist.org/search/eby/apa
2017-11-15 16:24:37,780 - __main__ - INFO - 200 iteration, url=https://sfbay.craigslist.org/search/eby/apa
2017-11-15 16:24:37,780 - __main__ - INFO - 200 iteration, url=https://sfbay.craigslist.org/search/eby/apa
2017-11-15 16:24:37,780 - __main__ - INFO - 200 iteration, url=https://sfbay.craigslist.org/search/eby/apa
2017-11-15 16:24:39,481 - __main__ - INFO - nby
2017-11-15 16:24:39,481 - __main__ - INFO - nby
2017-11-15 16:24:39,481 - __main__ - INFO - nby
2017-11-15 16:24:39,481 - __main__ - INFO - nby
2017-11-15 16:24:39,482 - __main__ - INFO - 0 iteration, url=https://sfbay.craigslist.org/search/nby/apa
2017-11-15 16:24:39,482 - __main__ - INFO - 0 iteration, url=https://sfbay.craigslist.org/search/nby/apa
2017-11-15 16:24:39,482 - __main__ - INFO - 0 iteration, url=https://sfbay.craigslist.org/search/nby/apa
2017-11-15 16:24:39,482 - __main__ - INFO - 0 iteration, url=https://sfbay.craigslist.org/search/nby/apa
2017-11-15 16:24:41,175 - __main__ - INFO - 100 iteration, url=https://sfbay.craigslist.org/search/nby/apa
2017-11-15 16:24:41,175 - __main__ - INFO - 100 iteration, url=https://sfbay.craigslist.org/search/nby/apa
2017-11-15 16:24:41,175 - __main__ - INFO - 100 iteration, url=https://sfbay.craigslist.org/search/nby/apa
2017-11-15 16:24:41,175 - __main__ - INFO - 100 iteration, url=https://sfbay.craigslist.org/search/nby/apa
2017-11-15 16:24:42,974 - __main__ - INFO - 200 iteration, url=https://sfbay.craigslist.org/search/nby/apa
2017-11-15 16:24:42,974 - __main__ - INFO - 200 iteration, url=https://sfbay.craigslist.org/search/nby/apa
2017-11-15 16:24:42,974 - __main__ - INFO - 200 iteration, url=https://sfbay.craigslist.org/search/nby/apa
2017-11-15 16:24:42,974 - __main__ - INFO - 200 iteration, url=https://sfbay.craigslist.org/search/nby/apa
2017-11-15 16:24:44,615 - __main__ - INFO - sfc
2017-11-15 16:24:44,615 - __main__ - INFO - sfc
2017-11-15 16:24:44,615 - __main__ - INFO - sfc
2017-11-15 16:24:44,615 - __main__ - INFO - sfc
2017-11-15 16:24:44,617 - __main__ - INFO - 0 iteration, url=https://sfbay.craigslist.org/search/sfc/apa
2017-11-15 16:24:44,617 - __main__ - INFO - 0 iteration, url=https://sfbay.craigslist.org/search/sfc/apa
2017-11-15 16:24:44,617 - __main__ - INFO - 0 iteration, url=https://sfbay.craigslist.org/search/sfc/apa
2017-11-15 16:24:44,617 - __main__ - INFO - 0 iteration, url=https://sfbay.craigslist.org/search/sfc/apa
2017-11-15 16:24:46,425 - __main__ - INFO - 100 iteration, url=https://sfbay.craigslist.org/search/sfc/apa
2017-11-15 16:24:46,425 - __main__ - INFO - 100 iteration, url=https://sfbay.craigslist.org/search/sfc/apa
2017-11-15 16:24:46,425 - __main__ - INFO - 100 iteration, url=https://sfbay.craigslist.org/search/sfc/apa
2017-11-15 16:24:46,425 - __main__ - INFO - 100 iteration, url=https://sfbay.craigslist.org/search/sfc/apa
2017-11-15 16:24:48,170 - __main__ - INFO - 200 iteration, url=https://sfbay.craigslist.org/search/sfc/apa
2017-11-15 16:24:48,170 - __main__ - INFO - 200 iteration, url=https://sfbay.craigslist.org/search/sfc/apa
2017-11-15 16:24:48,170 - __main__ - INFO - 200 iteration, url=https://sfbay.craigslist.org/search/sfc/apa
2017-11-15 16:24:48,170 - __main__ - INFO - 200 iteration, url=https://sfbay.craigslist.org/search/sfc/apa
2017-11-15 16:24:49,925 - __main__ - INFO - sby
2017-11-15 16:24:49,925 - __main__ - INFO - sby
2017-11-15 16:24:49,925 - __main__ - INFO - sby
2017-11-15 16:24:49,925 - __main__ - INFO - sby
2017-11-15 16:24:49,926 - __main__ - INFO - 0 iteration, url=https://sfbay.craigslist.org/search/sby/apa
2017-11-15 16:24:49,926 - __main__ - INFO - 0 iteration, url=https://sfbay.craigslist.org/search/sby/apa
2017-11-15 16:24:49,926 - __main__ - INFO - 0 iteration, url=https://sfbay.craigslist.org/search/sby/apa
2017-11-15 16:24:49,926 - __main__ - INFO - 0 iteration, url=https://sfbay.craigslist.org/search/sby/apa
2017-11-15 16:24:51,617 - __main__ - INFO - 100 iteration, url=https://sfbay.craigslist.org/search/sby/apa
2017-11-15 16:24:51,617 - __main__ - INFO - 100 iteration, url=https://sfbay.craigslist.org/search/sby/apa
2017-11-15 16:24:51,617 - __main__ - INFO - 100 iteration, url=https://sfbay.craigslist.org/search/sby/apa
2017-11-15 16:24:51,617 - __main__ - INFO - 100 iteration, url=https://sfbay.craigslist.org/search/sby/apa
2017-11-15 16:24:53,301 - __main__ - INFO - 200 iteration, url=https://sfbay.craigslist.org/search/sby/apa
2017-11-15 16:24:53,301 - __main__ - INFO - 200 iteration, url=https://sfbay.craigslist.org/search/sby/apa
2017-11-15 16:24:53,301 - __main__ - INFO - 200 iteration, url=https://sfbay.craigslist.org/search/sby/apa
2017-11-15 16:24:53,301 - __main__ - INFO - 200 iteration, url=https://sfbay.craigslist.org/search/sby/apa
2017-11-15 16:24:55,089 - __main__ - INFO - scz
2017-11-15 16:24:55,089 - __main__ - INFO - scz
2017-11-15 16:24:55,089 - __main__ - INFO - scz
2017-11-15 16:24:55,089 - __main__ - INFO - scz
2017-11-15 16:24:55,090 - __main__ - INFO - 0 iteration, url=https://sfbay.craigslist.org/search/scz/apa
2017-11-15 16:24:55,090 - __main__ - INFO - 0 iteration, url=https://sfbay.craigslist.org/search/scz/apa
2017-11-15 16:24:55,090 - __main__ - INFO - 0 iteration, url=https://sfbay.craigslist.org/search/scz/apa
2017-11-15 16:24:55,090 - __main__ - INFO - 0 iteration, url=https://sfbay.craigslist.org/search/scz/apa
2017-11-15 16:24:56,729 - __main__ - INFO - 100 iteration, url=https://sfbay.craigslist.org/search/scz/apa
2017-11-15 16:24:56,729 - __main__ - INFO - 100 iteration, url=https://sfbay.craigslist.org/search/scz/apa
2017-11-15 16:24:56,729 - __main__ - INFO - 100 iteration, url=https://sfbay.craigslist.org/search/scz/apa
2017-11-15 16:24:56,729 - __main__ - INFO - 100 iteration, url=https://sfbay.craigslist.org/search/scz/apa
2017-11-15 16:24:58,339 - __main__ - INFO - 200 iteration, url=https://sfbay.craigslist.org/search/scz/apa
2017-11-15 16:24:58,339 - __main__ - INFO - 200 iteration, url=https://sfbay.craigslist.org/search/scz/apa
2017-11-15 16:24:58,339 - __main__ - INFO - 200 iteration, url=https://sfbay.craigslist.org/search/scz/apa
2017-11-15 16:24:58,339 - __main__ - INFO - 200 iteration, url=https://sfbay.craigslist.org/search/scz/apa
2017-11-15 17:52:32,536 - __main__ - INFO - eby
2017-11-15 17:52:32,536 - __main__ - INFO - eby
2017-11-15 17:52:32,536 - __main__ - INFO - eby
2017-11-15 17:52:32,536 - __main__ - INFO - eby
2017-11-15 17:52:36,257 - __main__ - INFO - nby
2017-11-15 17:52:36,257 - __main__ - INFO - nby
2017-11-15 17:52:36,257 - __main__ - INFO - nby
2017-11-15 17:52:36,257 - __main__ - INFO - nby
2017-11-15 17:52:39,765 - __main__ - INFO - sfc
2017-11-15 17:52:39,765 - __main__ - INFO - sfc
2017-11-15 17:52:39,765 - __main__ - INFO - sfc
2017-11-15 17:52:39,765 - __main__ - INFO - sfc
2017-11-15 17:52:43,331 - __main__ - INFO - sby
2017-11-15 17:52:43,331 - __main__ - INFO - sby
2017-11-15 17:52:43,331 - __main__ - INFO - sby
2017-11-15 17:52:43,331 - __main__ - INFO - sby
2017-11-15 17:52:47,099 - __main__ - INFO - scz
2017-11-15 17:52:47,099 - __main__ - INFO - scz
2017-11-15 17:52:47,099 - __main__ - INFO - scz
2017-11-15 17:52:47,099 - __main__ - INFO - scz
2017-11-15 17:57:43,665 - __main__ - INFO - eby
2017-11-15 17:57:43,665 - __main__ - INFO - eby
2017-11-15 17:57:43,665 - __main__ - INFO - eby
2017-11-15 17:57:43,665 - __main__ - INFO - eby
2017-11-15 17:57:46,237 - __main__ - INFO - nby
2017-11-15 17:57:46,237 - __main__ - INFO - nby
2017-11-15 17:57:46,237 - __main__ - INFO - nby
2017-11-15 17:57:46,237 - __main__ - INFO - nby
2017-11-15 17:57:48,788 - __main__ - INFO - sfc
2017-11-15 17:57:48,788 - __main__ - INFO - sfc
2017-11-15 17:57:48,788 - __main__ - INFO - sfc
2017-11-15 17:57:48,788 - __main__ - INFO - sfc
2017-11-15 17:57:51,496 - __main__ - INFO - sby
2017-11-15 17:57:51,496 - __main__ - INFO - sby
2017-11-15 17:57:51,496 - __main__ - INFO - sby
2017-11-15 17:57:51,496 - __main__ - INFO - sby
2017-11-15 17:57:53,959 - __main__ - INFO - scz
2017-11-15 17:57:53,959 - __main__ - INFO - scz
2017-11-15 17:57:53,959 - __main__ - INFO - scz
2017-11-15 17:57:53,959 - __main__ - INFO - scz
2017-11-15 18:11:02,945 - __main__ - INFO - eby
2017-11-15 18:11:02,945 - __main__ - INFO - eby
2017-11-15 18:11:02,945 - __main__ - INFO - eby
2017-11-15 18:11:02,945 - __main__ - INFO - eby
2017-11-15 18:11:07,083 - __main__ - INFO - nby
2017-11-15 18:11:07,083 - __main__ - INFO - nby
2017-11-15 18:11:07,083 - __main__ - INFO - nby
2017-11-15 18:11:07,083 - __main__ - INFO - nby
2017-11-15 18:11:10,557 - __main__ - INFO - sfc
2017-11-15 18:11:10,557 - __main__ - INFO - sfc
2017-11-15 18:11:10,557 - __main__ - INFO - sfc
2017-11-15 18:11:10,557 - __main__ - INFO - sfc
2017-11-15 18:11:14,245 - __main__ - INFO - sby
2017-11-15 18:11:14,245 - __main__ - INFO - sby
2017-11-15 18:11:14,245 - __main__ - INFO - sby
2017-11-15 18:11:14,245 - __main__ - INFO - sby
2017-11-15 18:11:17,822 - __main__ - INFO - scz
2017-11-15 18:11:17,822 - __main__ - INFO - scz
2017-11-15 18:11:17,822 - __main__ - INFO - scz
2017-11-15 18:11:17,822 - __main__ - INFO - scz
